{"/Users/jongyeonpark/Documents/trip-poor/packages/trip-poor-backend/src/app.controller.ts": {"path":"/Users/jongyeonpark/Documents/trip-poor/packages/trip-poor-backend/src/app.controller.ts","statementMap":{"0":{"start":{"line":1,"column":0},"end":{"line":1,"column":49}},"1":{"start":{"line":2,"column":0},"end":{"line":2,"column":43}},"2":{"start":{"line":5,"column":7},"end":{"line":17,"column":null}},"3":{"start":{"line":6,"column":31},"end":{"line":6,"column":43}},"4":{"start":{"line":10,"column":4},"end":{"line":10,"column":38}},"5":{"start":{"line":15,"column":4},"end":{"line":15,"column":39}},"6":{"start":{"line":5,"column":13},"end":{"line":5,"column":26}},"7":{"start":{"line":9,"column":2},"end":{"line":11,"column":null}},"8":{"start":{"line":14,"column":2},"end":{"line":16,"column":null}},"9":{"start":{"line":5,"column":13},"end":{"line":17,"column":null}}},"fnMap":{"0":{"name":"(anonymous_2)","decl":{"start":{"line":6,"column":2},"end":{"line":6,"column":31}},"loc":{"start":{"line":6,"column":53},"end":{"line":6,"column":57}}},"1":{"name":"(anonymous_3)","decl":{"start":{"line":9,"column":2},"end":{"line":9,"column":10}},"loc":{"start":{"line":9,"column":10},"end":{"line":11,"column":3}}},"2":{"name":"(anonymous_4)","decl":{"start":{"line":14,"column":2},"end":{"line":14,"column":11}},"loc":{"start":{"line":14,"column":11},"end":{"line":16,"column":3}}}},"branchMap":{},"s":{"0":1,"1":1,"2":1,"3":2,"4":1,"5":1,"6":1,"7":1,"8":1,"9":1},"f":{"0":2,"1":1,"2":1},"b":{}}
,"/Users/jongyeonpark/Documents/trip-poor/packages/trip-poor-backend/src/app.service.ts": {"path":"/Users/jongyeonpark/Documents/trip-poor/packages/trip-poor-backend/src/app.service.ts","statementMap":{"0":{"start":{"line":1,"column":0},"end":{"line":1,"column":44}},"1":{"start":{"line":2,"column":0},"end":{"line":2,"column":47}},"2":{"start":{"line":5,"column":7},"end":{"line":24,"column":null}},"3":{"start":{"line":6,"column":31},"end":{"line":6,"column":46}},"4":{"start":{"line":9,"column":17},"end":{"line":9,"column":58}},"5":{"start":{"line":10,"column":16},"end":{"line":10,"column":62}},"6":{"start":{"line":11,"column":19},"end":{"line":14,"column":6}},"7":{"start":{"line":16,"column":4},"end":{"line":16,"column":18}},"8":{"start":{"line":20,"column":4},"end":{"line":22,"column":6}},"9":{"start":{"line":5,"column":13},"end":{"line":5,"column":23}},"10":{"start":{"line":5,"column":13},"end":{"line":24,"column":null}}},"fnMap":{"0":{"name":"(anonymous_2)","decl":{"start":{"line":6,"column":2},"end":{"line":6,"column":31}},"loc":{"start":{"line":6,"column":59},"end":{"line":6,"column":63}}},"1":{"name":"(anonymous_3)","decl":{"start":{"line":8,"column":2},"end":{"line":8,"column":10}},"loc":{"start":{"line":8,"column":10},"end":{"line":17,"column":3}}},"2":{"name":"(anonymous_4)","decl":{"start":{"line":19,"column":2},"end":{"line":19,"column":11}},"loc":{"start":{"line":19,"column":11},"end":{"line":23,"column":3}}}},"branchMap":{},"s":{"0":1,"1":1,"2":1,"3":2,"4":1,"5":1,"6":1,"7":1,"8":1,"9":1,"10":1},"f":{"0":2,"1":1,"2":1},"b":{}}
,"/Users/jongyeonpark/Documents/trip-poor/packages/trip-poor-backend/src/auth/auth.controller.ts": {"path":"/Users/jongyeonpark/Documents/trip-poor/packages/trip-poor-backend/src/auth/auth.controller.ts","statementMap":{"0":{"start":{"line":1,"column":0},"end":{"line":1,"column":null}},"1":{"start":{"line":12,"column":0},"end":{"line":12,"column":45}},"2":{"start":{"line":13,"column":0},"end":{"line":13,"column":45}},"3":{"start":{"line":15,"column":0},"end":{"line":15,"column":59}},"4":{"start":{"line":18,"column":0},"end":{"line":18,"column":57}},"5":{"start":{"line":19,"column":0},"end":{"line":19,"column":47}},"6":{"start":{"line":21,"column":0},"end":{"line":21,"column":78}},"7":{"start":{"line":25,"column":27},"end":{"line":177,"column":null}},"8":{"start":{"line":28,"column":31},"end":{"line":28,"column":44}},"9":{"start":{"line":26,"column":19},"end":{"line":26,"column":60}},"10":{"start":{"line":44,"column":4},"end":{"line":44,"column":31}},"11":{"start":{"line":45,"column":4},"end":{"line":45,"column":29}},"12":{"start":{"line":47,"column":4},"end":{"line":49,"column":null}},"13":{"start":{"line":48,"column":6},"end":{"line":48,"column":60}},"14":{"start":{"line":51,"column":29},"end":{"line":51,"column":71}},"15":{"start":{"line":54,"column":32},"end":{"line":54,"column":75}},"16":{"start":{"line":57,"column":6},"end":{"line":57,"column":46}},"17":{"start":{"line":59,"column":4},"end":{"line":59,"column":44}},"18":{"start":{"line":60,"column":4},"end":{"line":60,"column":46}},"19":{"start":{"line":62,"column":4},"end":{"line":65,"column":6}},"20":{"start":{"line":67,"column":4},"end":{"line":67,"column":54}},"21":{"start":{"line":68,"column":4},"end":{"line":68,"column":56}},"22":{"start":{"line":70,"column":4},"end":{"line":70,"column":44}},"23":{"start":{"line":74,"column":4},"end":{"line":74,"column":37}},"24":{"start":{"line":91,"column":4},"end":{"line":91,"column":34}},"25":{"start":{"line":93,"column":4},"end":{"line":95,"column":null}},"26":{"start":{"line":94,"column":6},"end":{"line":94,"column":60}},"27":{"start":{"line":97,"column":31},"end":{"line":97,"column":58}},"28":{"start":{"line":98,"column":35},"end":{"line":98,"column":71}},"29":{"start":{"line":99,"column":38},"end":{"line":99,"column":64}},"30":{"start":{"line":101,"column":29},"end":{"line":101,"column":78}},"31":{"start":{"line":103,"column":4},"end":{"line":106,"column":null}},"32":{"start":{"line":104,"column":6},"end":{"line":104,"column":30}},"33":{"start":{"line":105,"column":6},"end":{"line":105,"column":28}},"34":{"start":{"line":116,"column":4},"end":{"line":116,"column":36}},"35":{"start":{"line":129,"column":4},"end":{"line":129,"column":44}},"36":{"start":{"line":130,"column":17},"end":{"line":130,"column":75}},"37":{"start":{"line":132,"column":32},"end":{"line":132,"column":75}},"38":{"start":{"line":135,"column":6},"end":{"line":135,"column":46}},"39":{"start":{"line":137,"column":4},"end":{"line":137,"column":44}},"40":{"start":{"line":138,"column":4},"end":{"line":138,"column":46}},"41":{"start":{"line":140,"column":4},"end":{"line":143,"column":6}},"42":{"start":{"line":145,"column":4},"end":{"line":145,"column":54}},"43":{"start":{"line":146,"column":4},"end":{"line":146,"column":56}},"44":{"start":{"line":148,"column":4},"end":{"line":148,"column":37}},"45":{"start":{"line":156,"column":41},"end":{"line":156,"column":null}},"46":{"start":{"line":160,"column":17},"end":{"line":162,"column":null}},"47":{"start":{"line":165,"column":18},"end":{"line":165,"column":65}},"48":{"start":{"line":167,"column":4},"end":{"line":167,"column":50}},"49":{"start":{"line":168,"column":4},"end":{"line":168,"column":52}},"50":{"start":{"line":170,"column":4},"end":{"line":173,"column":6}},"51":{"start":{"line":175,"column":4},"end":{"line":175,"column":37}},"52":{"start":{"line":25,"column":13},"end":{"line":25,"column":27}},"53":{"start":{"line":39,"column":8},"end":{"line":75,"column":null}},"54":{"start":{"line":86,"column":8},"end":{"line":107,"column":null}},"55":{"start":{"line":115,"column":8},"end":{"line":117,"column":null}},"56":{"start":{"line":125,"column":8},"end":{"line":151,"column":null}},"57":{"start":{"line":155,"column":8},"end":{"line":176,"column":null}},"58":{"start":{"line":25,"column":13},"end":{"line":177,"column":null}}},"fnMap":{"0":{"name":"(anonymous_4)","decl":{"start":{"line":28,"column":2},"end":{"line":28,"column":31}},"loc":{"start":{"line":28,"column":55},"end":{"line":28,"column":59}}},"1":{"name":"(anonymous_5)","decl":{"start":{"line":39,"column":2},"end":{"line":39,"column":7}},"loc":{"start":{"line":42,"column":32},"end":{"line":75,"column":3}}},"2":{"name":"(anonymous_6)","decl":{"start":{"line":86,"column":2},"end":{"line":86,"column":7}},"loc":{"start":{"line":89,"column":32},"end":{"line":107,"column":3}}},"3":{"name":"(anonymous_7)","decl":{"start":{"line":115,"column":2},"end":{"line":115,"column":7}},"loc":{"start":{"line":115,"column":18},"end":{"line":117,"column":3}}},"4":{"name":"(anonymous_8)","decl":{"start":{"line":125,"column":2},"end":{"line":125,"column":7}},"loc":{"start":{"line":127,"column":24},"end":{"line":151,"column":3}}},"5":{"name":"(anonymous_9)","decl":{"start":{"line":155,"column":2},"end":{"line":155,"column":7}},"loc":{"start":{"line":155,"column":62},"end":{"line":176,"column":3}}}},"branchMap":{"0":{"loc":{"start":{"line":47,"column":4},"end":{"line":49,"column":null}},"type":"if","locations":[{"start":{"line":47,"column":4},"end":{"line":49,"column":null}}]},"1":{"loc":{"start":{"line":93,"column":4},"end":{"line":95,"column":null}},"type":"if","locations":[{"start":{"line":93,"column":4},"end":{"line":95,"column":null}}]},"2":{"loc":{"start":{"line":103,"column":4},"end":{"line":106,"column":null}},"type":"if","locations":[{"start":{"line":103,"column":4},"end":{"line":106,"column":null}}]}},"s":{"0":1,"1":1,"2":1,"3":1,"4":1,"5":1,"6":1,"7":1,"8":1,"9":1,"10":0,"11":0,"12":0,"13":0,"14":0,"15":0,"16":0,"17":0,"18":0,"19":0,"20":0,"21":0,"22":0,"23":0,"24":0,"25":0,"26":0,"27":0,"28":0,"29":0,"30":0,"31":0,"32":0,"33":0,"34":0,"35":0,"36":0,"37":0,"38":0,"39":0,"40":0,"41":0,"42":0,"43":0,"44":0,"45":0,"46":0,"47":0,"48":0,"49":0,"50":0,"51":0,"52":1,"53":1,"54":1,"55":1,"56":1,"57":1,"58":1},"f":{"0":1,"1":0,"2":0,"3":0,"4":0,"5":0},"b":{"0":[0],"1":[0],"2":[0]}}
,"/Users/jongyeonpark/Documents/trip-poor/packages/trip-poor-backend/src/auth/auth.service.ts": {"path":"/Users/jongyeonpark/Documents/trip-poor/packages/trip-poor-backend/src/auth/auth.service.ts","statementMap":{"0":{"start":{"line":1,"column":0},"end":{"line":1,"column":73}},"1":{"start":{"line":3,"column":0},"end":{"line":3,"column":51}},"2":{"start":{"line":4,"column":0},"end":{"line":4,"column":37}},"3":{"start":{"line":5,"column":0},"end":{"line":5,"column":59}},"4":{"start":{"line":7,"column":0},"end":{"line":7,"column":41}},"5":{"start":{"line":8,"column":0},"end":{"line":8,"column":47}},"6":{"start":{"line":9,"column":0},"end":{"line":9,"column":58}},"7":{"start":{"line":14,"column":24},"end":{"line":158,"column":null}},"8":{"start":{"line":19,"column":21},"end":{"line":19,"column":37}},"9":{"start":{"line":21,"column":21},"end":{"line":21,"column":33}},"10":{"start":{"line":15,"column":19},"end":{"line":15,"column":57}},"11":{"start":{"line":25,"column":60},"end":{"line":25,"column":70}},"12":{"start":{"line":27,"column":29},"end":{"line":29,"column":6}},"13":{"start":{"line":31,"column":4},"end":{"line":31,"column":44}},"14":{"start":{"line":33,"column":4},"end":{"line":35,"column":null}},"15":{"start":{"line":34,"column":6},"end":{"line":34,"column":18}},"16":{"start":{"line":37,"column":20},"end":{"line":37,"column":36}},"17":{"start":{"line":38,"column":4},"end":{"line":38,"column":32}},"18":{"start":{"line":39,"column":4},"end":{"line":39,"column":36}},"19":{"start":{"line":40,"column":4},"end":{"line":40,"column":26}},"20":{"start":{"line":41,"column":4},"end":{"line":41,"column":24}},"21":{"start":{"line":42,"column":4},"end":{"line":42,"column":30}},"22":{"start":{"line":44,"column":4},"end":{"line":44,"column":51}},"23":{"start":{"line":48,"column":24},"end":{"line":51,"column":6}},"24":{"start":{"line":53,"column":25},"end":{"line":56,"column":6}},"25":{"start":{"line":58,"column":4},"end":{"line":58,"column":41}},"26":{"start":{"line":65,"column":29},"end":{"line":67,"column":6}},"27":{"start":{"line":69,"column":4},"end":{"line":71,"column":null}},"28":{"start":{"line":70,"column":6},"end":{"line":70,"column":40}},"29":{"start":{"line":73,"column":4},"end":{"line":73,"column":16}},"30":{"start":{"line":77,"column":29},"end":{"line":79,"column":6}},"31":{"start":{"line":81,"column":4},"end":{"line":83,"column":null}},"32":{"start":{"line":82,"column":6},"end":{"line":82,"column":40}},"33":{"start":{"line":85,"column":4},"end":{"line":85,"column":42}},"34":{"start":{"line":87,"column":4},"end":{"line":87,"column":41}},"35":{"start":{"line":88,"column":4},"end":{"line":88,"column":11}},"36":{"start":{"line":92,"column":31},"end":{"line":92,"column":58}},"37":{"start":{"line":93,"column":35},"end":{"line":93,"column":71}},"38":{"start":{"line":94,"column":31},"end":{"line":94,"column":57}},"39":{"start":{"line":96,"column":4},"end":{"line":96,"column":48}},"40":{"start":{"line":98,"column":4},"end":{"line":102,"column":null}},"41":{"start":{"line":99,"column":6},"end":{"line":101,"column":null}},"42":{"start":{"line":100,"column":8},"end":{"line":100,"column":69}},"43":{"start":{"line":104,"column":29},"end":{"line":106,"column":6}},"44":{"start":{"line":108,"column":4},"end":{"line":110,"column":null}},"45":{"start":{"line":109,"column":6},"end":{"line":109,"column":54}},"46":{"start":{"line":112,"column":4},"end":{"line":114,"column":null}},"47":{"start":{"line":113,"column":6},"end":{"line":113,"column":55}},"48":{"start":{"line":116,"column":4},"end":{"line":118,"column":null}},"49":{"start":{"line":117,"column":6},"end":{"line":117,"column":54}},"50":{"start":{"line":120,"column":35},"end":{"line":123,"column":null}},"51":{"start":{"line":125,"column":4},"end":{"line":125,"column":53}},"52":{"start":{"line":127,"column":4},"end":{"line":129,"column":null}},"53":{"start":{"line":128,"column":6},"end":{"line":128,"column":61}},"54":{"start":{"line":131,"column":4},"end":{"line":131,"column":16}},"55":{"start":{"line":135,"column":29},"end":{"line":137,"column":6}},"56":{"start":{"line":139,"column":4},"end":{"line":141,"column":null}},"57":{"start":{"line":140,"column":6},"end":{"line":140,"column":47}},"58":{"start":{"line":143,"column":20},"end":{"line":143,"column":36}},"59":{"start":{"line":144,"column":4},"end":{"line":144,"column":42}},"60":{"start":{"line":145,"column":4},"end":{"line":145,"column":37}},"61":{"start":{"line":146,"column":4},"end":{"line":146,"column":32}},"62":{"start":{"line":147,"column":4},"end":{"line":150,"column":6}},"63":{"start":{"line":151,"column":4},"end":{"line":151,"column":30}},"64":{"start":{"line":152,"column":4},"end":{"line":152,"column":24}},"65":{"start":{"line":154,"column":4},"end":{"line":154,"column":47}},"66":{"start":{"line":156,"column":4},"end":{"line":156,"column":51}},"67":{"start":{"line":14,"column":13},"end":{"line":14,"column":24}},"68":{"start":{"line":14,"column":13},"end":{"line":158,"column":null}}},"fnMap":{"0":{"name":"(anonymous_4)","decl":{"start":{"line":17,"column":2},"end":{"line":17,"column":null}},"loc":{"start":{"line":21,"column":43},"end":{"line":22,"column":6}}},"1":{"name":"(anonymous_5)","decl":{"start":{"line":24,"column":2},"end":{"line":24,"column":7}},"loc":{"start":{"line":24,"column":42},"end":{"line":45,"column":3}}},"2":{"name":"(anonymous_6)","decl":{"start":{"line":47,"column":2},"end":{"line":47,"column":7}},"loc":{"start":{"line":47,"column":36},"end":{"line":59,"column":3}}},"3":{"name":"(anonymous_7)","decl":{"start":{"line":61,"column":2},"end":{"line":61,"column":7}},"loc":{"start":{"line":63,"column":24},"end":{"line":74,"column":3}}},"4":{"name":"(anonymous_8)","decl":{"start":{"line":76,"column":2},"end":{"line":76,"column":7}},"loc":{"start":{"line":76,"column":73},"end":{"line":89,"column":3}}},"5":{"name":"(anonymous_9)","decl":{"start":{"line":91,"column":2},"end":{"line":91,"column":7}},"loc":{"start":{"line":91,"column":34},"end":{"line":132,"column":3}}},"6":{"name":"(anonymous_10)","decl":{"start":{"line":134,"column":2},"end":{"line":134,"column":7}},"loc":{"start":{"line":134,"column":41},"end":{"line":157,"column":3}}}},"branchMap":{"0":{"loc":{"start":{"line":33,"column":4},"end":{"line":35,"column":null}},"type":"if","locations":[{"start":{"line":33,"column":4},"end":{"line":35,"column":null}}]},"1":{"loc":{"start":{"line":69,"column":4},"end":{"line":71,"column":null}},"type":"if","locations":[{"start":{"line":69,"column":4},"end":{"line":71,"column":null}}]},"2":{"loc":{"start":{"line":81,"column":4},"end":{"line":83,"column":null}},"type":"if","locations":[{"start":{"line":81,"column":4},"end":{"line":83,"column":null}}]},"3":{"loc":{"start":{"line":98,"column":4},"end":{"line":102,"column":null}},"type":"if","locations":[{"start":{"line":98,"column":4},"end":{"line":102,"column":null}}]},"4":{"loc":{"start":{"line":99,"column":6},"end":{"line":101,"column":null}},"type":"if","locations":[{"start":{"line":99,"column":6},"end":{"line":101,"column":null}}]},"5":{"loc":{"start":{"line":99,"column":10},"end":{"line":99,"column":61}},"type":"binary-expr","locations":[{"start":{"line":99,"column":10},"end":{"line":99,"column":32}},{"start":{"line":99,"column":36},"end":{"line":99,"column":61}}]},"6":{"loc":{"start":{"line":108,"column":4},"end":{"line":110,"column":null}},"type":"if","locations":[{"start":{"line":108,"column":4},"end":{"line":110,"column":null}}]},"7":{"loc":{"start":{"line":112,"column":4},"end":{"line":114,"column":null}},"type":"if","locations":[{"start":{"line":112,"column":4},"end":{"line":114,"column":null}}]},"8":{"loc":{"start":{"line":116,"column":4},"end":{"line":118,"column":null}},"type":"if","locations":[{"start":{"line":116,"column":4},"end":{"line":118,"column":null}}]},"9":{"loc":{"start":{"line":127,"column":4},"end":{"line":129,"column":null}},"type":"if","locations":[{"start":{"line":127,"column":4},"end":{"line":129,"column":null}}]},"10":{"loc":{"start":{"line":139,"column":4},"end":{"line":141,"column":null}},"type":"if","locations":[{"start":{"line":139,"column":4},"end":{"line":141,"column":null}}]}},"s":{"0":2,"1":2,"2":2,"3":2,"4":2,"5":2,"6":2,"7":2,"8":1,"9":1,"10":1,"11":0,"12":0,"13":0,"14":0,"15":0,"16":0,"17":0,"18":0,"19":0,"20":0,"21":0,"22":0,"23":0,"24":0,"25":0,"26":0,"27":0,"28":0,"29":0,"30":0,"31":0,"32":0,"33":0,"34":0,"35":0,"36":0,"37":0,"38":0,"39":0,"40":0,"41":0,"42":0,"43":0,"44":0,"45":0,"46":0,"47":0,"48":0,"49":0,"50":0,"51":0,"52":0,"53":0,"54":0,"55":0,"56":0,"57":0,"58":0,"59":0,"60":0,"61":0,"62":0,"63":0,"64":0,"65":0,"66":0,"67":2,"68":2},"f":{"0":1,"1":0,"2":0,"3":0,"4":0,"5":0,"6":0},"b":{"0":[0],"1":[0],"2":[0],"3":[0],"4":[0],"5":[0,0],"6":[0],"7":[0],"8":[0],"9":[0],"10":[0]}}
,"/Users/jongyeonpark/Documents/trip-poor/packages/trip-poor-backend/src/auth/interfaces/LocalUserReq.ts": {"path":"/Users/jongyeonpark/Documents/trip-poor/packages/trip-poor-backend/src/auth/interfaces/LocalUserReq.ts","statementMap":{"0":{"start":{"line":1,"column":0},"end":{"line":1,"column":46}},"1":{"start":{"line":3,"column":0},"end":{"line":3,"column":13}},"2":{"start":{"line":8,"column":2},"end":{"line":8,"column":null}}},"fnMap":{},"branchMap":{},"s":{"0":1,"1":1,"2":1},"f":{},"b":{}}
,"/Users/jongyeonpark/Documents/trip-poor/packages/trip-poor-backend/src/auth/strategies/accessJwt.strategy.ts": {"path":"/Users/jongyeonpark/Documents/trip-poor/packages/trip-poor-backend/src/auth/strategies/accessJwt.strategy.ts","statementMap":{"0":{"start":{"line":1,"column":0},"end":{"line":1,"column":44}},"1":{"start":{"line":2,"column":0},"end":{"line":2,"column":52}},"2":{"start":{"line":3,"column":0},"end":{"line":3,"column":52}},"3":{"start":{"line":5,"column":0},"end":{"line":5,"column":30}},"4":{"start":{"line":8,"column":7},"end":{"line":22,"column":null}},"5":{"start":{"line":10,"column":4},"end":{"line":13,"column":7}},"6":{"start":{"line":17,"column":4},"end":{"line":17,"column":38}},"7":{"start":{"line":18,"column":4},"end":{"line":18,"column":17}},"8":{"start":{"line":20,"column":4},"end":{"line":20,"column":19}},"9":{"start":{"line":8,"column":13},"end":{"line":8,"column":30}},"10":{"start":{"line":8,"column":13},"end":{"line":22,"column":null}}},"fnMap":{"0":{"name":"(anonymous_2)","decl":{"start":{"line":9,"column":2},"end":{"line":9,"column":null}},"loc":{"start":{"line":9,"column":2},"end":{"line":14,"column":3}}},"1":{"name":"(anonymous_3)","decl":{"start":{"line":16,"column":2},"end":{"line":16,"column":7}},"loc":{"start":{"line":16,"column":36},"end":{"line":21,"column":3}}}},"branchMap":{},"s":{"0":1,"1":1,"2":1,"3":1,"4":1,"5":0,"6":0,"7":0,"8":0,"9":1,"10":1},"f":{"0":0,"1":0},"b":{}}
,"/Users/jongyeonpark/Documents/trip-poor/packages/trip-poor-backend/src/auth/strategies/googleOauth.strategy.ts": {"path":"/Users/jongyeonpark/Documents/trip-poor/packages/trip-poor-backend/src/auth/strategies/googleOauth.strategy.ts","statementMap":{"0":{"start":{"line":1,"column":0},"end":{"line":1,"column":44}},"1":{"start":{"line":2,"column":0},"end":{"line":2,"column":52}},"2":{"start":{"line":3,"column":0},"end":{"line":3,"column":60}},"3":{"start":{"line":4,"column":0},"end":{"line":4,"column":61}},"4":{"start":{"line":7,"column":7},"end":{"line":28,"column":null}},"5":{"start":{"line":9,"column":4},"end":{"line":14,"column":7}},"6":{"start":{"line":18,"column":41},"end":{"line":18,"column":48}},"7":{"start":{"line":20,"column":4},"end":{"line":26,"column":6}},"8":{"start":{"line":7,"column":13},"end":{"line":7,"column":32}},"9":{"start":{"line":7,"column":13},"end":{"line":28,"column":null}}},"fnMap":{"0":{"name":"(anonymous_2)","decl":{"start":{"line":8,"column":2},"end":{"line":8,"column":null}},"loc":{"start":{"line":8,"column":2},"end":{"line":15,"column":3}}},"1":{"name":"(anonymous_3)","decl":{"start":{"line":17,"column":2},"end":{"line":17,"column":10}},"loc":{"start":{"line":17,"column":70},"end":{"line":27,"column":3}}}},"branchMap":{},"s":{"0":1,"1":1,"2":1,"3":1,"4":1,"5":0,"6":0,"7":0,"8":1,"9":1},"f":{"0":0,"1":0},"b":{}}
,"/Users/jongyeonpark/Documents/trip-poor/packages/trip-poor-backend/src/auth/strategies/refreshJwt.strategy.ts": {"path":"/Users/jongyeonpark/Documents/trip-poor/packages/trip-poor-backend/src/auth/strategies/refreshJwt.strategy.ts","statementMap":{"0":{"start":{"line":1,"column":0},"end":{"line":1,"column":44}},"1":{"start":{"line":2,"column":0},"end":{"line":2,"column":52}},"2":{"start":{"line":3,"column":0},"end":{"line":3,"column":52}},"3":{"start":{"line":8,"column":7},"end":{"line":28,"column":null}},"4":{"start":{"line":13,"column":4},"end":{"line":17,"column":7}},"5":{"start":{"line":21,"column":25},"end":{"line":21,"column":69}},"6":{"start":{"line":23,"column":4},"end":{"line":26,"column":6}},"7":{"start":{"line":8,"column":13},"end":{"line":8,"column":31}},"8":{"start":{"line":8,"column":13},"end":{"line":28,"column":null}}},"fnMap":{"0":{"name":"(anonymous_2)","decl":{"start":{"line":12,"column":2},"end":{"line":12,"column":null}},"loc":{"start":{"line":12,"column":2},"end":{"line":18,"column":3}}},"1":{"name":"(anonymous_3)","decl":{"start":{"line":20,"column":2},"end":{"line":20,"column":7}},"loc":{"start":{"line":20,"column":50},"end":{"line":27,"column":3}}}},"branchMap":{},"s":{"0":1,"1":1,"2":1,"3":1,"4":0,"5":0,"6":0,"7":1,"8":1},"f":{"0":0,"1":0},"b":{}}
,"/Users/jongyeonpark/Documents/trip-poor/packages/trip-poor-backend/src/board/board.controller.ts": {"path":"/Users/jongyeonpark/Documents/trip-poor/packages/trip-poor-backend/src/board/board.controller.ts","statementMap":{"0":{"start":{"line":1,"column":0},"end":{"line":1,"column":null}},"1":{"start":{"line":13,"column":0},"end":{"line":13,"column":47}},"2":{"start":{"line":14,"column":0},"end":{"line":14,"column":78}},"3":{"start":{"line":15,"column":0},"end":{"line":15,"column":61}},"4":{"start":{"line":16,"column":0},"end":{"line":16,"column":45}},"5":{"start":{"line":17,"column":0},"end":{"line":17,"column":61}},"6":{"start":{"line":21,"column":28},"end":{"line":66,"column":null}},"7":{"start":{"line":24,"column":22},"end":{"line":24,"column":36}},"8":{"start":{"line":22,"column":19},"end":{"line":22,"column":61}},"9":{"start":{"line":33,"column":4},"end":{"line":33,"column":60}},"10":{"start":{"line":47,"column":4},"end":{"line":47,"column":58}},"11":{"start":{"line":64,"column":4},"end":{"line":64,"column":63}},"12":{"start":{"line":21,"column":13},"end":{"line":21,"column":28}},"13":{"start":{"line":32,"column":8},"end":{"line":34,"column":null}},"14":{"start":{"line":42,"column":8},"end":{"line":48,"column":null}},"15":{"start":{"line":59,"column":8},"end":{"line":65,"column":null}},"16":{"start":{"line":21,"column":13},"end":{"line":66,"column":null}}},"fnMap":{"0":{"name":"(anonymous_4)","decl":{"start":{"line":24,"column":2},"end":{"line":24,"column":22}},"loc":{"start":{"line":24,"column":48},"end":{"line":24,"column":52}}},"1":{"name":"(anonymous_5)","decl":{"start":{"line":32,"column":2},"end":{"line":32,"column":7}},"loc":{"start":{"line":32,"column":62},"end":{"line":34,"column":3}}},"2":{"name":"(anonymous_6)","decl":{"start":{"line":42,"column":2},"end":{"line":42,"column":7}},"loc":{"start":{"line":45,"column":27},"end":{"line":48,"column":3}}},"3":{"name":"(anonymous_7)","decl":{"start":{"line":59,"column":2},"end":{"line":59,"column":7}},"loc":{"start":{"line":62,"column":32},"end":{"line":65,"column":3}}}},"branchMap":{},"s":{"0":1,"1":1,"2":1,"3":1,"4":1,"5":1,"6":1,"7":1,"8":1,"9":0,"10":0,"11":0,"12":1,"13":1,"14":1,"15":1,"16":1},"f":{"0":1,"1":0,"2":0,"3":0},"b":{}}
,"/Users/jongyeonpark/Documents/trip-poor/packages/trip-poor-backend/src/board/board.service.ts": {"path":"/Users/jongyeonpark/Documents/trip-poor/packages/trip-poor-backend/src/board/board.service.ts","statementMap":{"0":{"start":{"line":1,"column":0},"end":{"line":1,"column":52}},"1":{"start":{"line":2,"column":0},"end":{"line":2,"column":51}},"2":{"start":{"line":3,"column":0},"end":{"line":3,"column":61}},"3":{"start":{"line":4,"column":0},"end":{"line":4,"column":41}},"4":{"start":{"line":6,"column":0},"end":{"line":6,"column":65}},"5":{"start":{"line":11,"column":25},"end":{"line":93,"column":null}},"6":{"start":{"line":16,"column":21},"end":{"line":16,"column":38}},"7":{"start":{"line":19,"column":21},"end":{"line":19,"column":40}},"8":{"start":{"line":12,"column":19},"end":{"line":12,"column":58}},"9":{"start":{"line":23,"column":4},"end":{"line":23,"column":38}},"10":{"start":{"line":24,"column":34},"end":{"line":24,"column":67}},"11":{"start":{"line":25,"column":4},"end":{"line":25,"column":18}},"12":{"start":{"line":29,"column":4},"end":{"line":29,"column":34}},"13":{"start":{"line":30,"column":31},"end":{"line":32,"column":6}},"14":{"start":{"line":33,"column":4},"end":{"line":33,"column":17}},"15":{"start":{"line":37,"column":4},"end":{"line":37,"column":37}},"16":{"start":{"line":38,"column":34},"end":{"line":38,"column":51}},"17":{"start":{"line":39,"column":4},"end":{"line":39,"column":38}},"18":{"start":{"line":40,"column":4},"end":{"line":40,"column":32}},"19":{"start":{"line":41,"column":4},"end":{"line":41,"column":44}},"20":{"start":{"line":42,"column":4},"end":{"line":42,"column":36}},"21":{"start":{"line":43,"column":4},"end":{"line":43,"column":46}},"22":{"start":{"line":44,"column":4},"end":{"line":44,"column":49}},"23":{"start":{"line":45,"column":4},"end":{"line":45,"column":48}},"24":{"start":{"line":47,"column":4},"end":{"line":47,"column":53}},"25":{"start":{"line":51,"column":4},"end":{"line":51,"column":37}},"26":{"start":{"line":52,"column":18},"end":{"line":52,"column":95}},"27":{"start":{"line":53,"column":4},"end":{"line":53,"column":29}},"28":{"start":{"line":54,"column":4},"end":{"line":54,"column":41}},"29":{"start":{"line":55,"column":4},"end":{"line":55,"column":33}},"30":{"start":{"line":56,"column":4},"end":{"line":56,"column":43}},"31":{"start":{"line":57,"column":4},"end":{"line":57,"column":46}},"32":{"start":{"line":58,"column":4},"end":{"line":58,"column":45}},"33":{"start":{"line":60,"column":4},"end":{"line":60,"column":50}},"34":{"start":{"line":64,"column":4},"end":{"line":64,"column":37}},"35":{"start":{"line":65,"column":18},"end":{"line":65,"column":83}},"36":{"start":{"line":66,"column":4},"end":{"line":66,"column":71}},"37":{"start":{"line":74,"column":4},"end":{"line":74,"column":39}},"38":{"start":{"line":76,"column":21},"end":{"line":78,"column":6}},"39":{"start":{"line":80,"column":4},"end":{"line":83,"column":null}},"40":{"start":{"line":81,"column":6},"end":{"line":81,"column":55}},"41":{"start":{"line":82,"column":6},"end":{"line":82,"column":75}},"42":{"start":{"line":85,"column":41},"end":{"line":85,"column":60}},"43":{"start":{"line":86,"column":4},"end":{"line":86,"column":36}},"44":{"start":{"line":87,"column":4},"end":{"line":87,"column":34}},"45":{"start":{"line":88,"column":4},"end":{"line":88,"column":36}},"46":{"start":{"line":90,"column":4},"end":{"line":90,"column":53}},"47":{"start":{"line":91,"column":4},"end":{"line":91,"column":70}},"48":{"start":{"line":11,"column":13},"end":{"line":11,"column":25}},"49":{"start":{"line":11,"column":13},"end":{"line":93,"column":null}}},"fnMap":{"0":{"name":"(anonymous_4)","decl":{"start":{"line":14,"column":2},"end":{"line":14,"column":null}},"loc":{"start":{"line":19,"column":65},"end":{"line":20,"column":6}}},"1":{"name":"(anonymous_5)","decl":{"start":{"line":22,"column":2},"end":{"line":22,"column":7}},"loc":{"start":{"line":22,"column":20},"end":{"line":26,"column":3}}},"2":{"name":"(anonymous_6)","decl":{"start":{"line":28,"column":2},"end":{"line":28,"column":7}},"loc":{"start":{"line":28,"column":27},"end":{"line":34,"column":3}}},"3":{"name":"(anonymous_7)","decl":{"start":{"line":36,"column":2},"end":{"line":36,"column":7}},"loc":{"start":{"line":36,"column":29},"end":{"line":48,"column":3}}},"4":{"name":"(anonymous_8)","decl":{"start":{"line":50,"column":2},"end":{"line":50,"column":7}},"loc":{"start":{"line":50,"column":59},"end":{"line":61,"column":3}}},"5":{"name":"(anonymous_9)","decl":{"start":{"line":63,"column":2},"end":{"line":63,"column":7}},"loc":{"start":{"line":63,"column":48},"end":{"line":67,"column":3}}},"6":{"name":"(anonymous_10)","decl":{"start":{"line":69,"column":2},"end":{"line":69,"column":7}},"loc":{"start":{"line":72,"column":20},"end":{"line":92,"column":3}}}},"branchMap":{"0":{"loc":{"start":{"line":80,"column":4},"end":{"line":83,"column":null}},"type":"if","locations":[{"start":{"line":80,"column":4},"end":{"line":83,"column":null}}]}},"s":{"0":2,"1":2,"2":2,"3":2,"4":2,"5":2,"6":7,"7":7,"8":7,"9":0,"10":0,"11":0,"12":0,"13":0,"14":0,"15":0,"16":0,"17":0,"18":0,"19":0,"20":0,"21":0,"22":0,"23":0,"24":0,"25":0,"26":0,"27":0,"28":0,"29":0,"30":0,"31":0,"32":0,"33":0,"34":1,"35":1,"36":1,"37":1,"38":1,"39":1,"40":0,"41":0,"42":1,"43":1,"44":1,"45":1,"46":1,"47":1,"48":2,"49":2},"f":{"0":7,"1":0,"2":0,"3":0,"4":0,"5":1,"6":1},"b":{"0":[0]}}
,"/Users/jongyeonpark/Documents/trip-poor/packages/trip-poor-backend/src/board/interfaces/CreateBoardDto.ts": {"path":"/Users/jongyeonpark/Documents/trip-poor/packages/trip-poor-backend/src/board/interfaces/CreateBoardDto.ts","statementMap":{"0":{"start":{"line":1,"column":0},"end":{"line":1,"column":46}},"1":{"start":{"line":2,"column":0},"end":{"line":2,"column":59}},"2":{"start":{"line":4,"column":0},"end":{"line":4,"column":13}},"3":{"start":{"line":6,"column":2},"end":{"line":6,"column":null}},"4":{"start":{"line":8,"column":2},"end":{"line":8,"column":null}},"5":{"start":{"line":10,"column":2},"end":{"line":10,"column":null}},"6":{"start":{"line":12,"column":2},"end":{"line":12,"column":null}},"7":{"start":{"line":14,"column":2},"end":{"line":14,"column":null}}},"fnMap":{},"branchMap":{},"s":{"0":1,"1":1,"2":1,"3":1,"4":1,"5":1,"6":1,"7":1},"f":{},"b":{}}
,"/Users/jongyeonpark/Documents/trip-poor/packages/trip-poor-backend/src/entities/boardEntity.entity.ts": {"path":"/Users/jongyeonpark/Documents/trip-poor/packages/trip-poor-backend/src/entities/boardEntity.entity.ts","statementMap":{"0":{"start":{"line":1,"column":0},"end":{"line":1,"column":61}},"1":{"start":{"line":2,"column":0},"end":{"line":2,"column":50}},"2":{"start":{"line":3,"column":0},"end":{"line":3,"column":56}},"3":{"start":{"line":4,"column":0},"end":{"line":4,"column":65}},"4":{"start":{"line":5,"column":0},"end":{"line":5,"column":46}},"5":{"start":{"line":8,"column":7},"end":{"line":43,"column":null}},"6":{"start":{"line":8,"column":13},"end":{"line":8,"column":24}},"7":{"start":{"line":12,"column":2},"end":{"line":12,"column":null}},"8":{"start":{"line":17,"column":2},"end":{"line":17,"column":null}},"9":{"start":{"line":22,"column":2},"end":{"line":22,"column":null}},"10":{"start":{"line":27,"column":2},"end":{"line":27,"column":null}},"11":{"start":{"line":32,"column":2},"end":{"line":32,"column":null}},"12":{"start":{"line":37,"column":2},"end":{"line":37,"column":null}},"13":{"start":{"line":42,"column":2},"end":{"line":42,"column":null}},"14":{"start":{"line":8,"column":13},"end":{"line":43,"column":null}}},"fnMap":{},"branchMap":{},"s":{"0":2,"1":2,"2":2,"3":2,"4":2,"5":2,"6":2,"7":2,"8":2,"9":2,"10":2,"11":2,"12":2,"13":2,"14":2},"f":{},"b":{}}
,"/Users/jongyeonpark/Documents/trip-poor/packages/trip-poor-backend/src/entities/emotionEntity.entity.ts": {"path":"/Users/jongyeonpark/Documents/trip-poor/packages/trip-poor-backend/src/entities/emotionEntity.entity.ts","statementMap":{"0":{"start":{"line":1,"column":0},"end":{"line":1,"column":50}},"1":{"start":{"line":2,"column":0},"end":{"line":2,"column":51}},"2":{"start":{"line":3,"column":0},"end":{"line":3,"column":48}},"3":{"start":{"line":4,"column":0},"end":{"line":4,"column":48}},"4":{"start":{"line":7,"column":7},"end":{"line":18,"column":null}},"5":{"start":{"line":7,"column":13},"end":{"line":7,"column":26}},"6":{"start":{"line":10,"column":2},"end":{"line":10,"column":null}},"7":{"start":{"line":14,"column":2},"end":{"line":14,"column":null}},"8":{"start":{"line":17,"column":2},"end":{"line":17,"column":null}},"9":{"start":{"line":7,"column":13},"end":{"line":18,"column":null}}},"fnMap":{},"branchMap":{},"s":{"0":2,"1":2,"2":2,"3":2,"4":2,"5":2,"6":2,"7":2,"8":2,"9":2},"f":{},"b":{}}
,"/Users/jongyeonpark/Documents/trip-poor/packages/trip-poor-backend/src/entities/userEntity.entity.ts": {"path":"/Users/jongyeonpark/Documents/trip-poor/packages/trip-poor-backend/src/entities/userEntity.entity.ts","statementMap":{"0":{"start":{"line":1,"column":0},"end":{"line":1,"column":80}},"1":{"start":{"line":2,"column":0},"end":{"line":2,"column":50}},"2":{"start":{"line":3,"column":0},"end":{"line":3,"column":null}},"3":{"start":{"line":10,"column":0},"end":{"line":10,"column":58}},"4":{"start":{"line":11,"column":0},"end":{"line":11,"column":46}},"5":{"start":{"line":14,"column":7},"end":{"line":81,"column":null}},"6":{"start":{"line":14,"column":13},"end":{"line":14,"column":23}},"7":{"start":{"line":18,"column":2},"end":{"line":18,"column":null}},"8":{"start":{"line":23,"column":2},"end":{"line":23,"column":null}},"9":{"start":{"line":28,"column":2},"end":{"line":28,"column":null}},"10":{"start":{"line":33,"column":2},"end":{"line":33,"column":null}},"11":{"start":{"line":42,"column":2},"end":{"line":42,"column":null}},"12":{"start":{"line":47,"column":2},"end":{"line":47,"column":null}},"13":{"start":{"line":55,"column":2},"end":{"line":55,"column":null}},"14":{"start":{"line":60,"column":2},"end":{"line":60,"column":null}},"15":{"start":{"line":65,"column":2},"end":{"line":65,"column":null}},"16":{"start":{"line":70,"column":2},"end":{"line":70,"column":null}},"17":{"start":{"line":75,"column":2},"end":{"line":75,"column":null}},"18":{"start":{"line":80,"column":2},"end":{"line":80,"column":null}},"19":{"start":{"line":14,"column":13},"end":{"line":81,"column":null}}},"fnMap":{},"branchMap":{},"s":{"0":2,"1":2,"2":2,"3":2,"4":2,"5":2,"6":2,"7":2,"8":2,"9":2,"10":2,"11":2,"12":2,"13":2,"14":2,"15":2,"16":2,"17":2,"18":2,"19":2},"f":{},"b":{}}
,"/Users/jongyeonpark/Documents/trip-poor/packages/trip-poor-backend/src/utils/base.entity.ts": {"path":"/Users/jongyeonpark/Documents/trip-poor/packages/trip-poor-backend/src/utils/base.entity.ts","statementMap":{"0":{"start":{"line":1,"column":0},"end":{"line":1,"column":61}},"1":{"start":{"line":2,"column":0},"end":{"line":2,"column":41}},"2":{"start":{"line":4,"column":0},"end":{"line":4,"column":22}},"3":{"start":{"line":7,"column":2},"end":{"line":7,"column":null}},"4":{"start":{"line":5,"column":56},"end":{"line":5,"column":75}},"5":{"start":{"line":15,"column":2},"end":{"line":15,"column":null}},"6":{"start":{"line":11,"column":19},"end":{"line":11,"column":38}}},"fnMap":{"0":{"name":"(anonymous_2)","decl":{"start":{"line":5,"column":50},"end":{"line":5,"column":53}},"loc":{"start":{"line":5,"column":56},"end":{"line":5,"column":75}}},"1":{"name":"(anonymous_3)","decl":{"start":{"line":11,"column":13},"end":{"line":11,"column":16}},"loc":{"start":{"line":11,"column":19},"end":{"line":11,"column":38}}}},"branchMap":{},"s":{"0":4,"1":4,"2":4,"3":4,"4":0,"5":4,"6":0},"f":{"0":0,"1":0},"b":{}}
,"/Users/jongyeonpark/Documents/trip-poor/packages/trip-poor-backend/src/utils/rsaCrypto.ts": {"path":"/Users/jongyeonpark/Documents/trip-poor/packages/trip-poor-backend/src/utils/rsaCrypto.ts","statementMap":{"0":{"start":{"line":1,"column":0},"end":{"line":1,"column":33}},"1":{"start":{"line":5,"column":27},"end":{"line":10,"column":null}},"2":{"start":{"line":12,"column":4},"end":{"line":12,"column":45}},"3":{"start":{"line":16,"column":27},"end":{"line":21,"column":null}},"4":{"start":{"line":23,"column":4},"end":{"line":23,"column":43}},"5":{"start":{"line":31,"column":4},"end":{"line":31,"column":67}},"6":{"start":{"line":3,"column":0},"end":{"line":3,"column":13}}},"fnMap":{"0":{"name":"(anonymous_0)","decl":{"start":{"line":4,"column":9},"end":{"line":4,"column":15}},"loc":{"start":{"line":4,"column":56},"end":{"line":13,"column":3}}},"1":{"name":"(anonymous_1)","decl":{"start":{"line":15,"column":9},"end":{"line":15,"column":15}},"loc":{"start":{"line":15,"column":57},"end":{"line":24,"column":3}}},"2":{"name":"(anonymous_2)","decl":{"start":{"line":26,"column":9},"end":{"line":26,"column":15}},"loc":{"start":{"line":29,"column":22},"end":{"line":32,"column":3}}}},"branchMap":{},"s":{"0":2,"1":0,"2":0,"3":0,"4":0,"5":0,"6":2},"f":{"0":0,"1":0,"2":0},"b":{}}
,"/Users/jongyeonpark/Documents/trip-poor/packages/trip-poor-backend/src/utils/enum/boardStatus.ts": {"path":"/Users/jongyeonpark/Documents/trip-poor/packages/trip-poor-backend/src/utils/enum/boardStatus.ts","statementMap":{"0":{"start":{"line":1,"column":0},"end":{"line":1,"column":null}},"1":{"start":{"line":2,"column":2},"end":{"line":2,"column":null}},"2":{"start":{"line":3,"column":2},"end":{"line":3,"column":null}}},"fnMap":{"0":{"name":"(anonymous_0)","decl":{"start":{"line":1,"column":0},"end":{"line":1,"column":12}},"loc":{"start":{"line":1,"column":23},"end":{"line":4,"column":1}}}},"branchMap":{"0":{"loc":{"start":{"line":1,"column":12},"end":{"line":1,"column":null}},"type":"binary-expr","locations":[{"start":{"line":1,"column":12},"end":{"line":1,"column":23}},{"start":{"line":1,"column":23},"end":{"line":1,"column":null}}]}},"s":{"0":2,"1":2,"2":2},"f":{"0":2},"b":{"0":[2,2]}}
,"/Users/jongyeonpark/Documents/trip-poor/packages/trip-poor-backend/src/utils/enum/emotion.ts": {"path":"/Users/jongyeonpark/Documents/trip-poor/packages/trip-poor-backend/src/utils/enum/emotion.ts","statementMap":{"0":{"start":{"line":1,"column":0},"end":{"line":1,"column":null}},"1":{"start":{"line":2,"column":2},"end":{"line":2,"column":null}},"2":{"start":{"line":3,"column":2},"end":{"line":3,"column":null}}},"fnMap":{"0":{"name":"(anonymous_0)","decl":{"start":{"line":1,"column":0},"end":{"line":1,"column":12}},"loc":{"start":{"line":1,"column":19},"end":{"line":4,"column":1}}}},"branchMap":{"0":{"loc":{"start":{"line":1,"column":12},"end":{"line":1,"column":null}},"type":"binary-expr","locations":[{"start":{"line":1,"column":12},"end":{"line":1,"column":19}},{"start":{"line":1,"column":19},"end":{"line":1,"column":null}}]}},"s":{"0":2,"1":2,"2":2},"f":{"0":2},"b":{"0":[2,2]}}
,"/Users/jongyeonpark/Documents/trip-poor/packages/trip-poor-backend/src/utils/enum/userProvider.ts": {"path":"/Users/jongyeonpark/Documents/trip-poor/packages/trip-poor-backend/src/utils/enum/userProvider.ts","statementMap":{"0":{"start":{"line":1,"column":0},"end":{"line":1,"column":null}},"1":{"start":{"line":2,"column":2},"end":{"line":2,"column":null}},"2":{"start":{"line":3,"column":2},"end":{"line":3,"column":null}}},"fnMap":{"0":{"name":"(anonymous_0)","decl":{"start":{"line":1,"column":0},"end":{"line":1,"column":12}},"loc":{"start":{"line":1,"column":24},"end":{"line":4,"column":1}}}},"branchMap":{"0":{"loc":{"start":{"line":1,"column":12},"end":{"line":1,"column":null}},"type":"binary-expr","locations":[{"start":{"line":1,"column":12},"end":{"line":1,"column":24}},{"start":{"line":1,"column":24},"end":{"line":1,"column":null}}]}},"s":{"0":2,"1":2,"2":2},"f":{"0":2},"b":{"0":[2,2]}}
}
