TN:
SF:src/app.controller.ts
FN:6,(anonymous_2)
FN:9,(anonymous_3)
FN:14,(anonymous_4)
FNF:3
FNH:3
FNDA:2,(anonymous_2)
FNDA:1,(anonymous_3)
FNDA:1,(anonymous_4)
DA:1,1
DA:2,1
DA:5,1
DA:6,2
DA:9,1
DA:10,1
DA:14,1
DA:15,1
LF:8
LH:8
BRF:0
BRH:0
end_of_record
TN:
SF:src/app.service.ts
FN:6,(anonymous_2)
FN:8,(anonymous_3)
FN:19,(anonymous_4)
FNF:3
FNH:3
FNDA:2,(anonymous_2)
FNDA:1,(anonymous_3)
FNDA:1,(anonymous_4)
DA:1,1
DA:2,1
DA:5,1
DA:6,2
DA:9,1
DA:10,1
DA:11,1
DA:16,1
DA:20,1
LF:9
LH:9
BRF:0
BRH:0
end_of_record
TN:
SF:src/auth/auth.controller.ts
FN:28,(anonymous_4)
FN:39,(anonymous_5)
FN:86,(anonymous_6)
FN:115,(anonymous_7)
FN:125,(anonymous_8)
FN:155,(anonymous_9)
FNF:6
FNH:1
FNDA:1,(anonymous_4)
FNDA:0,(anonymous_5)
FNDA:0,(anonymous_6)
FNDA:0,(anonymous_7)
FNDA:0,(anonymous_8)
FNDA:0,(anonymous_9)
DA:1,1
DA:12,1
DA:13,1
DA:15,1
DA:18,1
DA:19,1
DA:21,1
DA:25,1
DA:26,1
DA:28,1
DA:39,1
DA:44,0
DA:45,0
DA:47,0
DA:48,0
DA:51,0
DA:54,0
DA:57,0
DA:59,0
DA:60,0
DA:62,0
DA:67,0
DA:68,0
DA:70,0
DA:74,0
DA:86,1
DA:91,0
DA:93,0
DA:94,0
DA:97,0
DA:98,0
DA:99,0
DA:101,0
DA:103,0
DA:104,0
DA:105,0
DA:115,1
DA:116,0
DA:125,1
DA:129,0
DA:130,0
DA:132,0
DA:135,0
DA:137,0
DA:138,0
DA:140,0
DA:145,0
DA:146,0
DA:148,0
DA:155,1
DA:156,0
DA:160,0
DA:165,0
DA:167,0
DA:168,0
DA:170,0
DA:175,0
LF:57
LH:15
BRDA:47,0,0,0
BRDA:93,1,0,0
BRDA:103,2,0,0
BRF:3
BRH:0
end_of_record
TN:
SF:src/auth/auth.service.ts
FN:17,(anonymous_4)
FN:24,(anonymous_5)
FN:47,(anonymous_6)
FN:61,(anonymous_7)
FN:76,(anonymous_8)
FN:91,(anonymous_9)
FN:134,(anonymous_10)
FNF:7
FNH:1
FNDA:1,(anonymous_4)
FNDA:0,(anonymous_5)
FNDA:0,(anonymous_6)
FNDA:0,(anonymous_7)
FNDA:0,(anonymous_8)
FNDA:0,(anonymous_9)
FNDA:0,(anonymous_10)
DA:1,2
DA:3,2
DA:4,2
DA:5,2
DA:7,2
DA:8,2
DA:9,2
DA:14,2
DA:15,1
DA:19,1
DA:21,1
DA:25,0
DA:27,0
DA:31,0
DA:33,0
DA:34,0
DA:37,0
DA:38,0
DA:39,0
DA:40,0
DA:41,0
DA:42,0
DA:44,0
DA:48,0
DA:53,0
DA:58,0
DA:65,0
DA:69,0
DA:70,0
DA:73,0
DA:77,0
DA:81,0
DA:82,0
DA:85,0
DA:87,0
DA:88,0
DA:92,0
DA:93,0
DA:94,0
DA:96,0
DA:98,0
DA:99,0
DA:100,0
DA:104,0
DA:108,0
DA:109,0
DA:112,0
DA:113,0
DA:116,0
DA:117,0
DA:120,0
DA:125,0
DA:127,0
DA:128,0
DA:131,0
DA:135,0
DA:139,0
DA:140,0
DA:143,0
DA:144,0
DA:145,0
DA:146,0
DA:147,0
DA:151,0
DA:152,0
DA:154,0
DA:156,0
LF:67
LH:11
BRDA:33,0,0,0
BRDA:69,1,0,0
BRDA:81,2,0,0
BRDA:98,3,0,0
BRDA:99,4,0,0
BRDA:99,5,0,0
BRDA:99,5,1,0
BRDA:108,6,0,0
BRDA:112,7,0,0
BRDA:116,8,0,0
BRDA:127,9,0,0
BRDA:139,10,0,0
BRF:12
BRH:0
end_of_record
TN:
SF:src/auth/interfaces/LocalUserReq.ts
FNF:0
FNH:0
DA:1,1
DA:3,1
DA:8,1
LF:3
LH:3
BRF:0
BRH:0
end_of_record
TN:
SF:src/auth/strategies/accessJwt.strategy.ts
FN:9,(anonymous_2)
FN:16,(anonymous_3)
FNF:2
FNH:0
FNDA:0,(anonymous_2)
FNDA:0,(anonymous_3)
DA:1,1
DA:2,1
DA:3,1
DA:5,1
DA:8,1
DA:10,0
DA:17,0
DA:18,0
DA:20,0
LF:9
LH:5
BRF:0
BRH:0
end_of_record
TN:
SF:src/auth/strategies/googleOauth.strategy.ts
FN:8,(anonymous_2)
FN:17,(anonymous_3)
FNF:2
FNH:0
FNDA:0,(anonymous_2)
FNDA:0,(anonymous_3)
DA:1,1
DA:2,1
DA:3,1
DA:4,1
DA:7,1
DA:9,0
DA:18,0
DA:20,0
LF:8
LH:5
BRF:0
BRH:0
end_of_record
TN:
SF:src/auth/strategies/refreshJwt.strategy.ts
FN:12,(anonymous_2)
FN:20,(anonymous_3)
FNF:2
FNH:0
FNDA:0,(anonymous_2)
FNDA:0,(anonymous_3)
DA:1,1
DA:2,1
DA:3,1
DA:8,1
DA:13,0
DA:21,0
DA:23,0
LF:7
LH:4
BRF:0
BRH:0
end_of_record
TN:
SF:src/board/board.controller.ts
FN:24,(anonymous_4)
FN:32,(anonymous_5)
FN:42,(anonymous_6)
FN:59,(anonymous_7)
FNF:4
FNH:1
FNDA:1,(anonymous_4)
FNDA:0,(anonymous_5)
FNDA:0,(anonymous_6)
FNDA:0,(anonymous_7)
DA:1,1
DA:13,1
DA:14,1
DA:15,1
DA:16,1
DA:17,1
DA:21,1
DA:22,1
DA:24,1
DA:32,1
DA:33,0
DA:42,1
DA:47,0
DA:59,1
DA:64,0
LF:15
LH:12
BRF:0
BRH:0
end_of_record
TN:
SF:src/board/board.service.ts
FN:11,(anonymous_4)
FN:16,(anonymous_5)
FN:22,(anonymous_6)
FN:30,(anonymous_7)
FNF:4
FNH:1
FNDA:1,(anonymous_4)
FNDA:0,(anonymous_5)
FNDA:0,(anonymous_6)
FNDA:0,(anonymous_7)
DA:1,2
DA:2,2
DA:3,2
DA:4,2
DA:8,2
DA:9,1
DA:13,1
DA:17,0
DA:18,0
DA:19,0
DA:23,0
DA:24,0
DA:27,0
DA:31,0
DA:32,0
DA:33,0
DA:34,0
DA:35,0
DA:36,0
DA:37,0
DA:38,0
DA:39,0
DA:41,0
LF:23
LH:7
BRF:0
BRH:0
end_of_record
TN:
SF:src/board/interfaces/CreateBoardDto.ts
FNF:0
FNH:0
DA:1,1
DA:2,1
DA:4,1
DA:6,1
DA:8,1
DA:10,1
DA:12,1
DA:14,1
LF:8
LH:8
BRF:0
BRH:0
end_of_record
TN:
SF:src/entities/boardEntity.entity.ts
FNF:0
FNH:0
DA:1,2
DA:2,2
DA:3,2
DA:4,2
DA:5,2
DA:8,2
DA:12,2
DA:17,2
DA:22,2
DA:27,2
DA:32,2
DA:37,2
DA:42,2
LF:13
LH:13
BRF:0
BRH:0
end_of_record
TN:
SF:src/entities/userEntity.entity.ts
FNF:0
FNH:0
DA:1,2
DA:2,2
DA:3,2
DA:10,2
DA:11,2
DA:14,2
DA:18,2
DA:23,2
DA:28,2
DA:33,2
DA:42,2
DA:47,2
DA:55,2
DA:60,2
DA:65,2
DA:70,2
DA:75,2
DA:80,2
LF:18
LH:18
BRF:0
BRH:0
end_of_record
TN:
SF:src/utils/base.entity.ts
FN:5,(anonymous_2)
FN:11,(anonymous_3)
FNF:2
FNH:0
FNDA:0,(anonymous_2)
FNDA:0,(anonymous_3)
DA:1,4
DA:2,4
DA:4,4
DA:5,0
DA:7,4
DA:11,0
DA:15,4
LF:7
LH:5
BRF:0
BRH:0
end_of_record
TN:
SF:src/utils/rsaCrypto.ts
FN:4,(anonymous_0)
FN:15,(anonymous_1)
FN:26,(anonymous_2)
FNF:3
FNH:0
FNDA:0,(anonymous_0)
FNDA:0,(anonymous_1)
FNDA:0,(anonymous_2)
DA:1,2
DA:3,2
DA:5,0
DA:12,0
DA:16,0
DA:23,0
DA:31,0
LF:7
LH:2
BRF:0
BRH:0
end_of_record
TN:
SF:src/utils/enum/boardStatus.ts
FN:1,(anonymous_0)
FNF:1
FNH:1
FNDA:2,(anonymous_0)
DA:1,2
DA:2,2
DA:3,2
LF:3
LH:3
BRDA:1,0,0,2
BRDA:1,0,1,2
BRF:2
BRH:2
end_of_record
TN:
SF:src/utils/enum/userProvider.ts
FN:1,(anonymous_0)
FNF:1
FNH:1
FNDA:2,(anonymous_0)
DA:1,2
DA:2,2
DA:3,2
LF:3
LH:3
BRDA:1,0,0,2
BRDA:1,0,1,2
BRF:2
BRH:2
end_of_record
